# JRE version: OpenJDK Runtime Environment Temurin-21.0.9+10 (21.0.9+10) (build 21.0.9+10-LTS)
# Java VM: OpenJDK 64-Bit Server VM Temurin-21.0.9+10 (21.0.9+10-LTS, mixed mode, sharing, tiered, compressed oops, compressed class ptrs, parallel gc, windows-amd64)
GC Precious Log:
 CardTable entry size: 512
 CPUs: 24 total, 24 available
 Memory: 32675M
 Large Page Support: Disabled
 NUMA Support: Disabled
 Compressed Oops: Enabled (32-bit)
 Alignments: Space 512K, Generation 512K, Heap 2M
 Heap Min Capacity: 100M
 Heap Initial Capacity: 100M
 Heap Max Capacity: 2G
 Pre-touch: Disabled
 Parallel Workers: 18
Heap:
 PSYoungGen      total 12288K, used 4838K [0x00000000d5580000, 0x00000000d6500000, 0x0000000100000000)
  eden space 10752K, 31% used [0x00000000d5580000,0x00000000d58d1be0,0x00000000d6000000)
  from space 1536K, 93% used [0x00000000d6300000,0x00000000d6468010,0x00000000d6480000)
  to   space 512K, 0% used [0x00000000d6480000,0x00000000d6480000,0x00000000d6500000)
 ParOldGen       total 68608K, used 50179K [0x0000000080000000, 0x0000000084300000, 0x00000000d5580000)
  object space 68608K, 73% used [0x0000000080000000,0x0000000083100e78,0x0000000084300000)
 Metaspace       used 49870K, committed 51200K, reserved 1114112K
  class space    used 5387K, committed 6016K, reserved 1048576K
GC Heap History (20 events):
Event: 11.134 GC heap before
{Heap before GC invocations=28 (full 2):
 PSYoungGen      total 11776K, used 11776K [0x00000000d5580000, 0x00000000d6900000, 0x0000000100000000)
  eden space 10752K, 100% used [0x00000000d5580000,0x00000000d6000000,0x00000000d6000000)
  from space 1024K, 100% used [0x00000000d6780000,0x00000000d6880000,0x00000000d6880000)
  to   space 512K, 0% used [0x00000000d6880000,0x00000000d6880000,0x00000000d6900000)
 ParOldGen       total 68608K, used 38215K [0x0000000080000000, 0x0000000084300000, 0x00000000d5580000)
  object space 68608K, 55% used [0x0000000080000000,0x0000000082551e00,0x0000000084300000)
 Metaspace       used 48617K, committed 49920K, reserved 1114112K
  class space    used 5265K, committed 5824K, reserved 1048576K
}
Event: 11.137 GC heap after
{Heap after GC invocations=28 (full 2):
 PSYoungGen      total 11264K, used 480K [0x00000000d5580000, 0x00000000d6900000, 0x0000000100000000)
  eden space 10752K, 0% used [0x00000000d5580000,0x00000000d5580000,0x00000000d6000000)
  from space 512K, 93% used [0x00000000d6880000,0x00000000d68f8010,0x00000000d6900000)
  to   space 1536K, 0% used [0x00000000d6600000,0x00000000d6600000,0x00000000d6780000)
 ParOldGen       total 68608K, used 39013K [0x0000000080000000, 0x0000000084300000, 0x00000000d5580000)
  object space 68608K, 56% used [0x0000000080000000,0x00000000826196d0,0x0000000084300000)
 Metaspace       used 48617K, committed 49920K, reserved 1114112K
  class space    used 5265K, committed 5824K, reserved 1048576K
}
Event: 11.424 GC heap before
{Heap before GC invocations=29 (full 2):
 PSYoungGen      total 11264K, used 11232K [0x00000000d5580000, 0x00000000d6900000, 0x0000000100000000)
  eden space 10752K, 100% used [0x00000000d5580000,0x00000000d6000000,0x00000000d6000000)
  from space 512K, 93% used [0x00000000d6880000,0x00000000d68f8010,0x00000000d6900000)
  to   space 1536K, 0% used [0x00000000d6600000,0x00000000d6600000,0x00000000d6780000)
 ParOldGen       total 68608K, used 39013K [0x0000000080000000, 0x0000000084300000, 0x00000000d5580000)
  object space 68608K, 56% used [0x0000000080000000,0x00000000826196d0,0x0000000084300000)
 Metaspace       used 49432K, committed 50752K, reserved 1114112K
  class space    used 5327K, committed 5888K, reserved 1048576K
}
Event: 11.426 GC heap after
{Heap after GC invocations=29 (full 2):
 PSYoungGen      total 12288K, used 1280K [0x00000000d5580000, 0x00000000d6900000, 0x0000000100000000)
  eden space 10752K, 0% used [0x00000000d5580000,0x00000000d5580000,0x00000000d6000000)
  from space 1536K, 83% used [0x00000000d6600000,0x00000000d6740020,0x00000000d6780000)
  to   space 1536K, 0% used [0x00000000d6780000,0x00000000d6780000,0x00000000d6900000)
 ParOldGen       total 68608K, used 39396K [0x0000000080000000, 0x0000000084300000, 0x00000000d5580000)
  object space 68608K, 57% used [0x0000000080000000,0x00000000826791e8,0x0000000084300000)
 Metaspace       used 49432K, committed 50752K, reserved 1114112K
  class space    used 5327K, committed 5888K, reserved 1048576K
}
Event: 11.474 GC heap before
{Heap before GC invocations=30 (full 2):
 PSYoungGen      total 12288K, used 12032K [0x00000000d5580000, 0x00000000d6900000, 0x0000000100000000)
  eden space 10752K, 100% used [0x00000000d5580000,0x00000000d6000000,0x00000000d6000000)
  from space 1536K, 83% used [0x00000000d6600000,0x00000000d6740020,0x00000000d6780000)
  to   space 1536K, 0% used [0x00000000d6780000,0x00000000d6780000,0x00000000d6900000)
 ParOldGen       total 68608K, used 39396K [0x0000000080000000, 0x0000000084300000, 0x00000000d5580000)
  object space 68608K, 57% used [0x0000000080000000,0x00000000826791e8,0x0000000084300000)
 Metaspace       used 49432K, committed 50752K, reserved 1114112K
  class space    used 5327K, committed 5888K, reserved 1048576K
}
Event: 11.476 GC heap after
{Heap after GC invocations=30 (full 2):
 PSYoungGen      total 12288K, used 1280K [0x00000000d5580000, 0x00000000d6900000, 0x0000000100000000)
  eden space 10752K, 0% used [0x00000000d5580000,0x00000000d5580000,0x00000000d6000000)
  from space 1536K, 83% used [0x00000000d6780000,0x00000000d68c0010,0x00000000d6900000)
  to   space 1536K, 0% used [0x00000000d6600000,0x00000000d6600000,0x00000000d6780000)
 ParOldGen       total 68608K, used 40452K [0x0000000080000000, 0x0000000084300000, 0x00000000d5580000)
  object space 68608K, 58% used [0x0000000080000000,0x0000000082781228,0x0000000084300000)
 Metaspace       used 49432K, committed 50752K, reserved 1114112K
  class space    used 5327K, committed 5888K, reserved 1048576K
}
Event: 11.525 GC heap before
{Heap before GC invocations=31 (full 2):
 PSYoungGen      total 12288K, used 12032K [0x00000000d5580000, 0x00000000d6900000, 0x0000000100000000)
  eden space 10752K, 100% used [0x00000000d5580000,0x00000000d6000000,0x00000000d6000000)
  from space 1536K, 83% used [0x00000000d6780000,0x00000000d68c0010,0x00000000d6900000)
  to   space 1536K, 0% used [0x00000000d6600000,0x00000000d6600000,0x00000000d6780000)
 ParOldGen       total 68608K, used 40452K [0x0000000080000000, 0x0000000084300000, 0x00000000d5580000)
  object space 68608K, 58% used [0x0000000080000000,0x0000000082781228,0x0000000084300000)
 Metaspace       used 49432K, committed 50752K, reserved 1114112K
  class space    used 5327K, committed 5888K, reserved 1048576K
}
Event: 11.527 GC heap after
{Heap after GC invocations=31 (full 2):
 PSYoungGen      total 12288K, used 1248K [0x00000000d5580000, 0x00000000d6800000, 0x0000000100000000)
  eden space 10752K, 0% used [0x00000000d5580000,0x00000000d5580000,0x00000000d6000000)
  from space 1536K, 81% used [0x00000000d6600000,0x00000000d6738010,0x00000000d6780000)
  to   space 512K, 0% used [0x00000000d6780000,0x00000000d6780000,0x00000000d6800000)
 ParOldGen       total 68608K, used 41452K [0x0000000080000000, 0x0000000084300000, 0x00000000d5580000)
  object space 68608K, 60% used [0x0000000080000000,0x000000008287b228,0x0000000084300000)
 Metaspace       used 49432K, committed 50752K, reserved 1114112K
  class space    used 5327K, committed 5888K, reserved 1048576K
}
Event: 11.661 GC heap before
{Heap before GC invocations=32 (full 2):
 PSYoungGen      total 12288K, used 12000K [0x00000000d5580000, 0x00000000d6800000, 0x0000000100000000)
  eden space 10752K, 100% used [0x00000000d5580000,0x00000000d6000000,0x00000000d6000000)
  from space 1536K, 81% used [0x00000000d6600000,0x00000000d6738010,0x00000000d6780000)
  to   space 512K, 0% used [0x00000000d6780000,0x00000000d6780000,0x00000000d6800000)
 ParOldGen       total 68608K, used 41452K [0x0000000080000000, 0x0000000084300000, 0x00000000d5580000)
  object space 68608K, 60% used [0x0000000080000000,0x000000008287b228,0x0000000084300000)
 Metaspace       used 49692K, committed 51008K, reserved 1114112K
  class space    used 5362K, committed 5952K, reserved 1048576K
}
Event: 11.664 GC heap after
{Heap after GC invocations=32 (full 2):
 PSYoungGen      total 11264K, used 482K [0x00000000d5580000, 0x00000000d6800000, 0x0000000100000000)
  eden space 10752K, 0% used [0x00000000d5580000,0x00000000d5580000,0x00000000d6000000)
  from space 512K, 94% used [0x00000000d6780000,0x00000000d67f89a0,0x00000000d6800000)
  to   space 2560K, 0% used [0x00000000d6300000,0x00000000d6300000,0x00000000d6580000)
 ParOldGen       total 68608K, used 43328K [0x0000000080000000, 0x0000000084300000, 0x00000000d5580000)
  object space 68608K, 63% used [0x0000000080000000,0x0000000082a503c8,0x0000000084300000)
 Metaspace       used 49692K, committed 51008K, reserved 1114112K
  class space    used 5362K, committed 5952K, reserved 1048576K
}
Event: 11.730 GC heap before
{Heap before GC invocations=33 (full 2):
 PSYoungGen      total 11264K, used 11234K [0x00000000d5580000, 0x00000000d6800000, 0x0000000100000000)
  eden space 10752K, 100% used [0x00000000d5580000,0x00000000d6000000,0x00000000d6000000)
  from space 512K, 94% used [0x00000000d6780000,0x00000000d67f89a0,0x00000000d6800000)
  to   space 2560K, 0% used [0x00000000d6300000,0x00000000d6300000,0x00000000d6580000)
 ParOldGen       total 68608K, used 43328K [0x0000000080000000, 0x0000000084300000, 0x00000000d5580000)
  object space 68608K, 63% used [0x0000000080000000,0x0000000082a503c8,0x0000000084300000)
 Metaspace       used 49802K, committed 51136K, reserved 1114112K
  class space    used 5382K, committed 6016K, reserved 1048576K
}
Event: 11.732 GC heap after
{Heap after GC invocations=33 (full 2):
 PSYoungGen      total 13312K, used 1280K [0x00000000d5580000, 0x00000000d6800000, 0x0000000100000000)
  eden space 10752K, 0% used [0x00000000d5580000,0x00000000d5580000,0x00000000d6000000)
  from space 2560K, 50% used [0x00000000d6300000,0x00000000d6440010,0x00000000d6580000)
  to   space 2048K, 0% used [0x00000000d6600000,0x00000000d6600000,0x00000000d6800000)
 ParOldGen       total 68608K, used 43903K [0x0000000080000000, 0x0000000084300000, 0x00000000d5580000)
  object space 68608K, 63% used [0x0000000080000000,0x0000000082adfe90,0x0000000084300000)
 Metaspace       used 49802K, committed 51136K, reserved 1114112K
  class space    used 5382K, committed 6016K, reserved 1048576K
}
Event: 11.771 GC heap before
{Heap before GC invocations=34 (full 2):
 PSYoungGen      total 13312K, used 12032K [0x00000000d5580000, 0x00000000d6800000, 0x0000000100000000)
  eden space 10752K, 100% used [0x00000000d5580000,0x00000000d6000000,0x00000000d6000000)
  from space 2560K, 50% used [0x00000000d6300000,0x00000000d6440010,0x00000000d6580000)
  to   space 2048K, 0% used [0x00000000d6600000,0x00000000d6600000,0x00000000d6800000)
 ParOldGen       total 68608K, used 43903K [0x0000000080000000, 0x0000000084300000, 0x00000000d5580000)
  object space 68608K, 63% used [0x0000000080000000,0x0000000082adfe90,0x0000000084300000)
 Metaspace       used 49802K, committed 51136K, reserved 1114112K
  class space    used 5382K, committed 6016K, reserved 1048576K
}
Event: 11.773 GC heap after
{Heap after GC invocations=34 (full 2):
 PSYoungGen      total 12288K, used 1216K [0x00000000d5580000, 0x00000000d6780000, 0x0000000100000000)
  eden space 10752K, 0% used [0x00000000d5580000,0x00000000d5580000,0x00000000d6000000)
  from space 1536K, 79% used [0x00000000d6600000,0x00000000d6730000,0x00000000d6780000)
  to   space 1536K, 0% used [0x00000000d6480000,0x00000000d6480000,0x00000000d6600000)
 ParOldGen       total 68608K, used 45007K [0x0000000080000000, 0x0000000084300000, 0x00000000d5580000)
  object space 68608K, 65% used [0x0000000080000000,0x0000000082bf3ea0,0x0000000084300000)
 Metaspace       used 49802K, committed 51136K, reserved 1114112K
  class space    used 5382K, committed 6016K, reserved 1048576K
}
Event: 11.843 GC heap before
{Heap before GC invocations=35 (full 2):
 PSYoungGen      total 12288K, used 11968K [0x00000000d5580000, 0x00000000d6780000, 0x0000000100000000)
  eden space 10752K, 100% used [0x00000000d5580000,0x00000000d6000000,0x00000000d6000000)
  from space 1536K, 79% used [0x00000000d6600000,0x00000000d6730000,0x00000000d6780000)
  to   space 1536K, 0% used [0x00000000d6480000,0x00000000d6480000,0x00000000d6600000)
 ParOldGen       total 68608K, used 45007K [0x0000000080000000, 0x0000000084300000, 0x00000000d5580000)
  object space 68608K, 65% used [0x0000000080000000,0x0000000082bf3ea0,0x0000000084300000)
 Metaspace       used 49828K, committed 51200K, reserved 1114112K
  class space    used 5384K, committed 6016K, reserved 1048576K
}
Event: 11.845 GC heap after
{Heap after GC invocations=35 (full 2):
 PSYoungGen      total 12288K, used 1472K [0x00000000d5580000, 0x00000000d6680000, 0x0000000100000000)
  eden space 10752K, 0% used [0x00000000d5580000,0x00000000d5580000,0x00000000d6000000)
  from space 1536K, 95% used [0x00000000d6480000,0x00000000d65f0000,0x00000000d6600000)
  to   space 512K, 0% used [0x00000000d6600000,0x00000000d6600000,0x00000000d6680000)
 ParOldGen       total 68608K, used 45983K [0x0000000080000000, 0x0000000084300000, 0x00000000d5580000)
  object space 68608K, 67% used [0x0000000080000000,0x0000000082ce7ea0,0x0000000084300000)
 Metaspace       used 49828K, committed 51200K, reserved 1114112K
  class space    used 5384K, committed 6016K, reserved 1048576K
}
Event: 11.893 GC heap before
{Heap before GC invocations=36 (full 2):
 PSYoungGen      total 12288K, used 12224K [0x00000000d5580000, 0x00000000d6680000, 0x0000000100000000)
  eden space 10752K, 100% used [0x00000000d5580000,0x00000000d6000000,0x00000000d6000000)
  from space 1536K, 95% used [0x00000000d6480000,0x00000000d65f0000,0x00000000d6600000)
  to   space 512K, 0% used [0x00000000d6600000,0x00000000d6600000,0x00000000d6680000)
 ParOldGen       total 68608K, used 45983K [0x0000000080000000, 0x0000000084300000, 0x00000000d5580000)
  object space 68608K, 67% used [0x0000000080000000,0x0000000082ce7ea0,0x0000000084300000)
 Metaspace       used 49830K, committed 51200K, reserved 1114112K
  class space    used 5384K, committed 6016K, reserved 1048576K
}
Event: 11.897 GC heap after
{Heap after GC invocations=36 (full 2):
 PSYoungGen      total 11264K, used 512K [0x00000000d5580000, 0x00000000d6680000, 0x0000000100000000)
  eden space 10752K, 0% used [0x00000000d5580000,0x00000000d5580000,0x00000000d6000000)
  from space 512K, 100% used [0x00000000d6600000,0x00000000d6680000,0x00000000d6680000)
  to   space 2560K, 0% used [0x00000000d6180000,0x00000000d6180000,0x00000000d6400000)
 ParOldGen       total 68608K, used 47739K [0x0000000080000000, 0x0000000084300000, 0x00000000d5580000)
  object space 68608K, 69% used [0x0000000080000000,0x0000000082e9ee78,0x0000000084300000)
 Metaspace       used 49830K, committed 51200K, reserved 1114112K
  class space    used 5384K, committed 6016K, reserved 1048576K
}
Event: 11.984 GC heap before
{Heap before GC invocations=37 (full 2):
 PSYoungGen      total 11264K, used 11264K [0x00000000d5580000, 0x00000000d6680000, 0x0000000100000000)
  eden space 10752K, 100% used [0x00000000d5580000,0x00000000d6000000,0x00000000d6000000)
  from space 512K, 100% used [0x00000000d6600000,0x00000000d6680000,0x00000000d6680000)
  to   space 2560K, 0% used [0x00000000d6180000,0x00000000d6180000,0x00000000d6400000)
 ParOldGen       total 68608K, used 47739K [0x0000000080000000, 0x0000000084300000, 0x00000000d5580000)
  object space 68608K, 69% used [0x0000000080000000,0x0000000082e9ee78,0x0000000084300000)
 Metaspace       used 49832K, committed 51200K, reserved 1114112K
  class space    used 5384K, committed 6016K, reserved 1048576K
}
Event: 11.986 GC heap after
{Heap after GC invocations=37 (full 2):
 PSYoungGen      total 13312K, used 1120K [0x00000000d5580000, 0x00000000d6680000, 0x0000000100000000)
  eden space 10752K, 0% used [0x00000000d5580000,0x00000000d5580000,0x00000000d6000000)
  from space 2560K, 43% used [0x00000000d6180000,0x00000000d6298000,0x00000000d6400000)
  to   space 2048K, 0% used [0x00000000d6480000,0x00000000d6480000,0x00000000d6680000)
 ParOldGen       total 68608K, used 48259K [0x0000000080000000, 0x0000000084300000, 0x00000000d5580000)
  object space 68608K, 70% used [0x0000000080000000,0x0000000082f20e78,0x0000000084300000)
 Metaspace       used 49832K, committed 51200K, reserved 1114112K
  class space    used 5384K, committed 6016K, reserved 1048576K
}

